<?xml version="1.0" encoding="UTF-8"?>
<!-- Generated by org.testng.reporters.JUnitXMLReporter -->
<testsuite ignored="1" hostname="romilskr3" failures="0" tests="1" name="standard_user_login Tests" time="4.548" errors="0" timestamp="2023-02-08T02:49:19 GMT">
  <testcase classname="SwagLabsE2E.LoginPageTest" name="standard_user_login" time="4.244"/>
  <testcase classname="SwagLabsE2E.LoginPageTest" name="locked_out_login" time="0.0">
    <ignored/>
  </testcase> <!-- locked_out_login -->
</testsuite> <!-- standard_user_login Tests -->
