<?xml version="1.0" encoding="UTF-8"?>
<!-- Generated by org.testng.reporters.JUnitXMLReporter -->
<testsuite ignored="0" hostname="romilskr3" failures="0" tests="3" name="Test" time="7.728" errors="0" timestamp="2023-02-07T23:22:12 GMT">
  <testcase classname="SwagLabsE2E.LoginPageTest" name="locked_out_login" time="3.338"/>
  <testcase classname="SwagLabsE2E.LoginPageTest" name="standard_user_login" time="1.692"/>
  <testcase classname="SwagLabsE2E.InventoryPageTest" name="AddToCart" time="2.101"/>
</testsuite> <!-- Test -->
